00:00:00.222913 VirtualBox GUI VM Selector Window 7.1.6 r167084 linux.amd64 (Jan 27 2025 07:52:25) release log
00:00:00.222915 Log opened 2025-03-23T19:29:01.887831000Z
00:00:00.222916 Build Type: release
00:00:00.222917 OS Product: Linux
00:00:00.222918 OS Release: 6.13.6-zen1-1-zen
00:00:00.222918 OS Version: #1 ZEN SMP PREEMPT_DYNAMIC Fri, 07 Mar 2025 20:18:44 +0000
00:00:00.222934 DMI Product Name: System Product Name
00:00:00.222938 DMI Product Version: System Version
00:00:00.222941 Firmware type: UEFI
00:00:00.223115 Secure Boot: Disabled
00:00:00.223149 Host RAM: 15726MB (15.3GB) total, 10964MB (10.7GB) available
00:00:00.223151 Executable: /usr/lib/virtualbox/VirtualBox
00:00:00.223151 Process ID: 38243
00:00:00.223151 Package type: LINUX_64BITS_GENERIC (OSE)
00:00:00.223168 Qt version: 6.8.2
00:00:00.223619 GUI: UIMediumEnumerator: Initial medium-enumeration finished!
00:00:00.231342 GUI: UIMediumEnumerator: Medium-enumeration started...
00:00:00.608462 GUI: UIMediumEnumerator: Medium-enumeration finished!
00:00:00.624935 GUI: UIDesktopWidgetWatchdog::sltHandleHostScreenAvailableGeometryCalculated: Screen 1 work area is actually resized to: 959x539 x 800x800
00:00:04.680168 GUI: UIDesktopWidgetWatchdog::sltHandleHostScreenAvailableGeometryCalculated: Screen 0 work area is actually resized to: 1277x719 x 800x800
00:00:07.398100 GUI: UIMediumEnumerator: Medium-enumeration finished!
00:00:11.299827 GUI: UIMediumEnumerator: Medium-enumeration finished!
00:00:12.101971 GUI: UICommon: Handling aboutToQuit request..
00:00:12.808089 GUI: UICommon: aboutToQuit request handled!
