00:00:00.002128 main     VirtualBox XPCOM Server 7.1.6 r167084 linux.amd64 (Jan 27 2025 07:52:25) release log
00:00:00.002131 main     Log opened 2025-03-23T19:29:01.781177000Z
00:00:00.002131 main     Build Type: release
00:00:00.002132 main     OS Product: Linux
00:00:00.002132 main     OS Release: 6.13.6-zen1-1-zen
00:00:00.002133 main     OS Version: #1 ZEN SMP PREEMPT_DYNAMIC Fri, 07 Mar 2025 20:18:44 +0000
00:00:00.002145 main     DMI Product Name: System Product Name
00:00:00.002148 main     DMI Product Version: System Version
00:00:00.002150 main     Firmware type: UEFI
00:00:00.002303 main     Secure Boot: Disabled
00:00:00.002324 main     Host RAM: 15726MB (15.3GB) total, 10966MB (10.7GB) available
00:00:00.002325 main     Executable: /usr/lib/virtualbox/VBoxSVC
00:00:00.002326 main     Process ID: 38259
00:00:00.002326 main     Package type: LINUX_64BITS_GENERIC (OSE)
00:00:00.003119 main     IPC socket path: /tmp/.vbox-hayaku-ipc/ipcd
00:00:00.033965 DCon01   VirtualBox: object creation starts
00:00:00.034019 DCon01   Home directory: '/home/hayaku/.config/VirtualBox'
00:00:00.034473 DCon01   Loading settings file "/home/hayaku/.config/VirtualBox/VirtualBox.xml" with version "1.12-linux"
00:00:00.035935 DCon01   Failed to retrive disk info: getDiskName(/dev/mapper/root) --> root
00:00:00.036195 DCon01   HostDnsMonitor: initializing
00:00:00.036286 DCon01   NAT: resolv.conf: nameserver 192.168.1.1
00:00:00.036292 DCon01   NAT: resolv.conf: FIXME: ignoring IPv6 zone %eno1
00:00:00.036294 DCon01   NAT: resolv.conf: nameserver fe80::d692:5eff:fe01:38b0
00:00:00.036303 DCon01   HostDnsMonitor: updating information
00:00:00.036314 DCon01   HostDnsMonitor: old information
00:00:00.036316 DCon01     no server entries
00:00:00.036318 DCon01     no domain set
00:00:00.036320 DCon01     no search string entries
00:00:00.036322 DCon01   HostDnsMonitor: new information
00:00:00.036324 DCon01     server 1: 192.168.1.1
00:00:00.036326 DCon01     server 2: fe80::d692:5eff:fe01:38b0%eno1
00:00:00.036328 DCon01     domain: lan
00:00:00.036330 DCon01     search string 1: lan
00:00:00.037607 DCon01   VD: VDInit finished with VINF_SUCCESS
00:00:00.037688 DCon01   ERROR [COM]: aRC=NS_ERROR_FAILURE (0x80004005) aIID={925084b0-625f-422f-a67d-0ede1880a56c} aComponent={SystemPropertiesWrap} aText={Cannot determine default Guest Additions ISO location. Most likely they are not available}, preserve=false aResultDetail=0
00:00:00.038218 DCon01   Platform architecture set to 'x86'
00:00:00.038416 DCon01   ERROR [COM]: aRC=NS_ERROR_FAILURE (0x80004005) aIID={e36a5081-a82a-40bd-9e4e-42a44d6ce50f} aComponent={MachineWrap} aText={Runtime error opening '/home/hayaku/VirtualBox VMs/windows11/windows11.vbox' for reading VERR_FILE_NOT_FOUND (File not found.).
00:00:00.038419 DCon01   /build/virtualbox/src/VirtualBox-7.1.6/src/VBox/Main/src-server/MachineImpl.cpp[984] (nsresult Machine::i_registeredInit())}, preserve=false aResultDetail=0
00:00:00.038512 DCon01   Platform architecture set to 'x86'
00:00:00.039093 DCon01   Loading settings file "/home/hayaku/VirtualBox VMs/windows10/windows10.vbox" with version "1.19-linux"
00:00:00.039237 DCon01   Platform architecture set to 'x86'
00:00:00.039474 DCon01   Platform architecture set to 'x86'
00:00:00.039635 DCon01   Loading settings file "/home/hayaku/VirtualBox VMs/windows9/windows9.vbox" with version "1.19-linux"
00:00:00.039720 DCon01   Platform architecture set to 'x86'
00:00:00.040022 DCon01   VirtualBox: object created
00:00:00.424447 DCon04   Platform architecture set to 'x86'
00:00:00.424534 DCon04   ERROR [COM]: aRC=NS_ERROR_FAILURE (0x80004005) aIID={e36a5081-a82a-40bd-9e4e-42a44d6ce50f} aComponent={MachineWrap} aText={Runtime error opening '/home/hayaku/VirtualBox VMs/windows11/windows11.vbox' for reading VERR_FILE_NOT_FOUND (File not found.).
00:00:00.424537 DCon04   /build/virtualbox/src/VirtualBox-7.1.6/src/VBox/Main/src-server/MachineImpl.cpp[984] (nsresult Machine::i_registeredInit())}, preserve=false aResultDetail=0
00:00:00.424667 DCon04   Platform architecture set to 'x86'
00:00:00.424699 DCon04   ERROR [COM]: aRC=NS_ERROR_FAILURE (0x80004005) aIID={e36a5081-a82a-40bd-9e4e-42a44d6ce50f} aComponent={MachineWrap} aText={Runtime error opening '/home/hayaku/VirtualBox VMs/windows11/windows11.vbox' for reading VERR_FILE_NOT_FOUND (File not found.).
00:00:00.424700 DCon04   /build/virtualbox/src/VirtualBox-7.1.6/src/VBox/Main/src-server/MachineImpl.cpp[984] (nsresult Machine::i_registeredInit())}, preserve=false aResultDetail=0
00:00:00.424931 DCon04   Platform architecture set to 'x86'
00:00:00.424965 DCon04   ERROR [COM]: aRC=NS_ERROR_FAILURE (0x80004005) aIID={e36a5081-a82a-40bd-9e4e-42a44d6ce50f} aComponent={MachineWrap} aText={Runtime error opening '/home/hayaku/VirtualBox VMs/windows11/windows11.vbox' for reading VERR_FILE_NOT_FOUND (File not found.).
00:00:00.424966 DCon04   /build/virtualbox/src/VirtualBox-7.1.6/src/VBox/Main/src-server/MachineImpl.cpp[984] (nsresult Machine::i_registeredInit())}, preserve=false aResultDetail=0
00:00:00.465107 DCon04   ERROR [COM]: aRC=E_ACCESSDENIED (0x80070005) aIID={e36a5081-a82a-40bd-9e4e-42a44d6ce50f} aComponent={MachineWrap} aText={The object functionality is limited}, preserve=false aResultDetail=0
00:00:00.465516 DCon04   ERROR [COM]: aRC=E_ACCESSDENIED (0x80070005) aIID={e36a5081-a82a-40bd-9e4e-42a44d6ce50f} aComponent={MachineWrap} aText={The object functionality is limited}, preserve=false aResultDetail=0
00:00:00.468154 DCon04   Saving settings file "/home/hayaku/.config/VirtualBox/VirtualBox.xml" with version "1.12-linux"
00:00:00.479357 DCon04   Finished saving settings file "/home/hayaku/.config/VirtualBox/VirtualBox.xml"
00:00:00.480111 DCon01   Saving settings file "/home/hayaku/.config/VirtualBox/VirtualBox.xml" with version "1.12-linux"
00:00:00.485773 DCon01   Finished saving settings file "/home/hayaku/.config/VirtualBox/VirtualBox.xml"
00:00:00.495859 DCon01   WARNING [COM]: aRC=NS_ERROR_FAILURE (0x80004005) aIID={d5dcece0-b202-4416-a138-03502784cc07} aComponent={HostWrap} aText={VirtualBox is not currently allowed to access USB devices.  You can change this by adding your user to the 'vboxusers' group.  Please see the user manual for a more detailed explanation}, preserve=true aResultDetail=0
00:00:00.496227 DCon01   WARNING [COM]: aRC=NS_ERROR_FAILURE (0x80004005) aIID={d5dcece0-b202-4416-a138-03502784cc07} aComponent={HostWrap} aText={VirtualBox is not currently allowed to access USB devices.  You can change this by adding your user to the 'vboxusers' group.  Please see the user manual for a more detailed explanation}, preserve=false aResultDetail=0
00:00:00.549862 DCon01   ERROR [COM]: aRC=VBOX_E_OBJECT_NOT_FOUND (0x80bb0001) aIID={5bfd8965-b81b-469f-8649-f717ce97a5d5} aComponent={NvramStoreWrap} aText={The UEFI NVRAM file is not existing for this machine}, preserve=false aResultDetail=0
00:00:00.607095 DCon01   ERROR [COM]: aRC=VBOX_E_INVALID_VM_STATE (0x80bb0002) aIID={e36a5081-a82a-40bd-9e4e-42a44d6ce50f} aComponent={MachineWrap} aText={The machine is not mutable, saved or running (state is PoweredOff)}, preserve=false aResultDetail=0
00:00:00.641876 DCon01   WARNING [COM]: aRC=NS_ERROR_FAILURE (0x80004005) aIID={d5dcece0-b202-4416-a138-03502784cc07} aComponent={HostWrap} aText={VirtualBox is not currently allowed to access USB devices.  You can change this by adding your user to the 'vboxusers' group.  Please see the user manual for a more detailed explanation}, preserve=true aResultDetail=0
00:00:00.642433 DCon01   WARNING [COM]: aRC=NS_ERROR_FAILURE (0x80004005) aIID={d5dcece0-b202-4416-a138-03502784cc07} aComponent={HostWrap} aText={VirtualBox is not currently allowed to access USB devices.  You can change this by adding your user to the 'vboxusers' group.  Please see the user manual for a more detailed explanation}, preserve=true aResultDetail=0
00:00:00.851378 DCon01   Saving settings file "/home/hayaku/.config/VirtualBox/VirtualBox.xml" with version "1.12-linux"
00:00:00.862759 DCon01   Finished saving settings file "/home/hayaku/.config/VirtualBox/VirtualBox.xml"
00:00:01.572727 DCon01   Saving settings file "/home/hayaku/.config/VirtualBox/VirtualBox.xml" with version "1.12-linux"
00:00:01.584093 DCon01   Finished saving settings file "/home/hayaku/.config/VirtualBox/VirtualBox.xml"
00:00:03.873039 DCon04   Saving settings file "/home/hayaku/.config/VirtualBox/VirtualBox.xml" with version "1.12-linux"
00:00:03.884474 DCon04   Finished saving settings file "/home/hayaku/.config/VirtualBox/VirtualBox.xml"
00:00:05.530990 DCon04   Saving settings file "/home/hayaku/.config/VirtualBox/VirtualBox.xml" with version "1.12-linux"
00:00:05.542345 DCon04   Finished saving settings file "/home/hayaku/.config/VirtualBox/VirtualBox.xml"
00:00:05.556719 DCon04   WARNING [COM]: aRC=NS_ERROR_FAILURE (0x80004005) aIID={d5dcece0-b202-4416-a138-03502784cc07} aComponent={HostWrap} aText={VirtualBox is not currently allowed to access USB devices.  You can change this by adding your user to the 'vboxusers' group.  Please see the user manual for a more detailed explanation}, preserve=true aResultDetail=0
00:00:05.569497 DCon04   NvramStore: Loading 'TpmEmuTpms/permall' from archive
00:00:05.569513 DCon04   NvramStore: Loading 'efi/nvram' from archive
00:00:05.573228 DCon04   ERROR [COM]: aRC=VBOX_E_INVALID_VM_STATE (0x80bb0002) aIID={e36a5081-a82a-40bd-9e4e-42a44d6ce50f} aComponent={MachineWrap} aText={The machine is not mutable, saved or running (state is PoweredOff)}, preserve=false aResultDetail=0
00:00:05.580532 DCon04   WARNING [COM]: aRC=NS_ERROR_FAILURE (0x80004005) aIID={d5dcece0-b202-4416-a138-03502784cc07} aComponent={HostWrap} aText={VirtualBox is not currently allowed to access USB devices.  You can change this by adding your user to the 'vboxusers' group.  Please see the user manual for a more detailed explanation}, preserve=true aResultDetail=0
00:00:05.580884 DCon04   WARNING [COM]: aRC=NS_ERROR_FAILURE (0x80004005) aIID={d5dcece0-b202-4416-a138-03502784cc07} aComponent={HostWrap} aText={VirtualBox is not currently allowed to access USB devices.  You can change this by adding your user to the 'vboxusers' group.  Please see the user manual for a more detailed explanation}, preserve=true aResultDetail=0
00:00:06.375483 DCon04   Launched VM: 67206160 pid: 38362 (0x95da) frontend: GUI/Qt name: windows10
00:00:06.418650 DCon03   ERROR [COM]: aRC=VBOX_E_INVALID_VM_STATE (0x80bb0002) aIID={e36a5081-a82a-40bd-9e4e-42a44d6ce50f} aComponent={MachineWrap} aText={The machine is not mutable, saved or running (state is PoweredOff)}, preserve=false aResultDetail=0
00:00:06.447874 DCon03   WARNING [COM]: aRC=NS_ERROR_FAILURE (0x80004005) aIID={d5dcece0-b202-4416-a138-03502784cc07} aComponent={HostWrap} aText={VirtualBox is not currently allowed to access USB devices.  You can change this by adding your user to the 'vboxusers' group.  Please see the user manual for a more detailed explanation}, preserve=true aResultDetail=0
00:00:06.448300 DCon03   WARNING [COM]: aRC=NS_ERROR_FAILURE (0x80004005) aIID={d5dcece0-b202-4416-a138-03502784cc07} aComponent={HostWrap} aText={VirtualBox is not currently allowed to access USB devices.  You can change this by adding your user to the 'vboxusers' group.  Please see the user manual for a more detailed explanation}, preserve=true aResultDetail=0
00:00:06.496575 DCon06   Platform architecture set to 'x86'
00:00:06.515485 DCon09   ERROR [COM]: aRC=VBOX_E_INVALID_VM_STATE (0x80bb0002) aIID={e36a5081-a82a-40bd-9e4e-42a44d6ce50f} aComponent={MachineWrap} aText={The machine is not mutable, saved or running (state is PoweredOff)}, preserve=false aResultDetail=0
00:00:06.520008 DCon09   WARNING [COM]: aRC=NS_ERROR_FAILURE (0x80004005) aIID={d5dcece0-b202-4416-a138-03502784cc07} aComponent={HostWrap} aText={VirtualBox is not currently allowed to access USB devices.  You can change this by adding your user to the 'vboxusers' group.  Please see the user manual for a more detailed explanation}, preserve=true aResultDetail=0
00:00:06.520396 DCon09   WARNING [COM]: aRC=NS_ERROR_FAILURE (0x80004005) aIID={d5dcece0-b202-4416-a138-03502784cc07} aComponent={HostWrap} aText={VirtualBox is not currently allowed to access USB devices.  You can change this by adding your user to the 'vboxusers' group.  Please see the user manual for a more detailed explanation}, preserve=true aResultDetail=0
00:00:06.819175 DCon07   WARNING [COM]: aRC=NS_ERROR_FAILURE (0x80004005) aIID={d5dcece0-b202-4416-a138-03502784cc07} aComponent={HostWrap} aText={VirtualBox is not currently allowed to access USB devices.  You can change this by adding your user to the 'vboxusers' group.  Please see the user manual for a more detailed explanation}, preserve=true aResultDetail=0
00:00:06.819554 DCon07   WARNING [COM]: aRC=NS_ERROR_FAILURE (0x80004005) aIID={d5dcece0-b202-4416-a138-03502784cc07} aComponent={HostWrap} aText={VirtualBox is not currently allowed to access USB devices.  You can change this by adding your user to the 'vboxusers' group.  Please see the user manual for a more detailed explanation}, preserve=true aResultDetail=0
00:00:06.819654 DCon07   ERROR [COM]: aRC=VBOX_E_OBJECT_NOT_FOUND (0x80bb0001) aIID={70401eef-c8e9-466b-9660-45cb3e9979e4} aComponent={ExtPackManagerWrap} aText={No extension pack by the name 'Oracle VirtualBox Extension Pack' was found}, preserve=false aResultDetail=0
00:00:06.847537 DCon07   WARNING [COM]: aRC=NS_ERROR_FAILURE (0x80004005) aIID={d5dcece0-b202-4416-a138-03502784cc07} aComponent={HostWrap} aText={VirtualBox is not currently allowed to access USB devices.  You can change this by adding your user to the 'vboxusers' group.  Please see the user manual for a more detailed explanation}, preserve=true aResultDetail=0
00:00:06.848209 DCon07   WARNING [COM]: aRC=NS_ERROR_FAILURE (0x80004005) aIID={d5dcece0-b202-4416-a138-03502784cc07} aComponent={HostWrap} aText={VirtualBox is not currently allowed to access USB devices.  You can change this by adding your user to the 'vboxusers' group.  Please see the user manual for a more detailed explanation}, preserve=true aResultDetail=0
00:00:06.852059 DCon07   ERROR [COM]: aRC=NS_ERROR_FAILURE (0x80004005) aIID={bea3ef5c-de2f-4b74-aa3a-15d6249371a0} aComponent={RecordingSettingsWrap} aText={Recording not started}, preserve=false aResultDetail=0
00:00:06.866072 DCon07   WARNING [COM]: aRC=NS_ERROR_FAILURE (0x80004005) aIID={d5dcece0-b202-4416-a138-03502784cc07} aComponent={HostWrap} aText={VirtualBox is not currently allowed to access USB devices.  You can change this by adding your user to the 'vboxusers' group.  Please see the user manual for a more detailed explanation}, preserve=false aResultDetail=0
00:00:06.866360 DCon07   WARNING [COM]: aRC=NS_ERROR_FAILURE (0x80004005) aIID={d5dcece0-b202-4416-a138-03502784cc07} aComponent={HostWrap} aText={VirtualBox is not currently allowed to access USB devices.  You can change this by adding your user to the 'vboxusers' group.  Please see the user manual for a more detailed explanation}, preserve=true aResultDetail=0
00:00:06.866412 DCon07   WARNING [COM]: aRC=NS_ERROR_FAILURE (0x80004005) aIID={d5dcece0-b202-4416-a138-03502784cc07} aComponent={HostWrap} aText={VirtualBox is not currently allowed to access USB devices.  You can change this by adding your user to the 'vboxusers' group.  Please see the user manual for a more detailed explanation}, preserve=true aResultDetail=0
00:00:06.881867 DCon04   WARNING [COM]: aRC=NS_ERROR_FAILURE (0x80004005) aIID={d5dcece0-b202-4416-a138-03502784cc07} aComponent={HostWrap} aText={VirtualBox is not currently allowed to access USB devices.  You can change this by adding your user to the 'vboxusers' group.  Please see the user manual for a more detailed explanation}, preserve=true aResultDetail=0
00:00:06.895103 DCon04   WARNING [COM]: aRC=NS_ERROR_FAILURE (0x80004005) aIID={d5dcece0-b202-4416-a138-03502784cc07} aComponent={HostWrap} aText={VirtualBox is not currently allowed to access USB devices.  You can change this by adding your user to the 'vboxusers' group.  Please see the user manual for a more detailed explanation}, preserve=true aResultDetail=0
00:00:06.916104 DCon04   ERROR [COM]: aRC=VBOX_E_INVALID_VM_STATE (0x80bb0002) aIID={e36a5081-a82a-40bd-9e4e-42a44d6ce50f} aComponent={MachineWrap} aText={The machine is not mutable, saved or running (state is Starting)}, preserve=false aResultDetail=0
00:00:06.931060 DCon09   WARNING [COM]: aRC=NS_ERROR_FAILURE (0x80004005) aIID={d5dcece0-b202-4416-a138-03502784cc07} aComponent={HostWrap} aText={VirtualBox is not currently allowed to access USB devices.  You can change this by adding your user to the 'vboxusers' group.  Please see the user manual for a more detailed explanation}, preserve=true aResultDetail=0
00:00:06.931414 DCon09   WARNING [COM]: aRC=NS_ERROR_FAILURE (0x80004005) aIID={d5dcece0-b202-4416-a138-03502784cc07} aComponent={HostWrap} aText={VirtualBox is not currently allowed to access USB devices.  You can change this by adding your user to the 'vboxusers' group.  Please see the user manual for a more detailed explanation}, preserve=true aResultDetail=0
00:00:06.931809 DCon09   ERROR [COM]: aRC=NS_ERROR_FAILURE (0x80004005) aIID={bea3ef5c-de2f-4b74-aa3a-15d6249371a0} aComponent={RecordingSettingsWrap} aText={Recording not started}, preserve=false aResultDetail=0
00:00:06.940916 DCon04   WARNING [COM]: aRC=NS_ERROR_FAILURE (0x80004005) aIID={d5dcece0-b202-4416-a138-03502784cc07} aComponent={HostWrap} aText={VirtualBox is not currently allowed to access USB devices.  You can change this by adding your user to the 'vboxusers' group.  Please see the user manual for a more detailed explanation}, preserve=true aResultDetail=0
00:00:06.941417 DCon04   WARNING [COM]: aRC=NS_ERROR_FAILURE (0x80004005) aIID={d5dcece0-b202-4416-a138-03502784cc07} aComponent={HostWrap} aText={VirtualBox is not currently allowed to access USB devices.  You can change this by adding your user to the 'vboxusers' group.  Please see the user manual for a more detailed explanation}, preserve=true aResultDetail=0
00:00:07.062416 DCon04   ERROR [COM]: aRC=VBOX_E_OBJECT_NOT_FOUND (0x80bb0001) aIID={7d510820-a678-4730-a862-818dcd3fbed0} aComponent={MediumWrap} aText={Property 'CRYPT/KeyId' does not exist}, preserve=false aResultDetail=0
00:00:07.062848 DCon04   ERROR [COM]: aRC=VBOX_E_OBJECT_NOT_FOUND (0x80bb0001) aIID={7d510820-a678-4730-a862-818dcd3fbed0} aComponent={MediumWrap} aText={Property 'CRYPT/KeyId' does not exist}, preserve=false aResultDetail=0
00:00:07.063263 DCon04   ERROR [COM]: aRC=VBOX_E_OBJECT_NOT_FOUND (0x80bb0001) aIID={7d510820-a678-4730-a862-818dcd3fbed0} aComponent={MediumWrap} aText={Property 'CRYPT/KeyId' does not exist}, preserve=false aResultDetail=0
00:00:07.063689 DCon04   HostDnsMonitorProxy::GetDomainName: lan
00:00:07.063728 DCon04   HostDnsMonitorProxy::GetNameServers:
00:00:07.063734 DCon04     name server 1: 192.168.1.1
00:00:07.063736 DCon04     name server 2: fe80::d692:5eff:fe01:38b0%eno1
00:00:07.063775 DCon04   HostDnsMonitorProxy::GetSearchStrings:
00:00:07.063777 DCon04     search string 1: lan
00:00:07.070597 DCon04   WARNING [COM]: aRC=NS_ERROR_FAILURE (0x80004005) aIID={d5dcece0-b202-4416-a138-03502784cc07} aComponent={HostWrap} aText={VirtualBox is not currently allowed to access USB devices.  You can change this by adding your user to the 'vboxusers' group.  Please see the user manual for a more detailed explanation}, preserve=true aResultDetail=0
00:00:07.070980 DCon10   WARNING [COM]: aRC=NS_ERROR_FAILURE (0x80004005) aIID={d5dcece0-b202-4416-a138-03502784cc07} aComponent={HostWrap} aText={VirtualBox is not currently allowed to access USB devices.  You can change this by adding your user to the 'vboxusers' group.  Please see the user manual for a more detailed explanation}, preserve=true aResultDetail=0
00:00:07.071580 DCon09   ERROR [COM]: aRC=NS_ERROR_FAILURE (0x80004005) aIID={bea3ef5c-de2f-4b74-aa3a-15d6249371a0} aComponent={RecordingSettingsWrap} aText={Recording not started}, preserve=false aResultDetail=0
00:00:07.085773 DCon09   WARNING [COM]: aRC=NS_ERROR_FAILURE (0x80004005) aIID={d5dcece0-b202-4416-a138-03502784cc07} aComponent={HostWrap} aText={VirtualBox is not currently allowed to access USB devices.  You can change this by adding your user to the 'vboxusers' group.  Please see the user manual for a more detailed explanation}, preserve=true aResultDetail=0
00:00:07.105947 DCon09   ERROR [COM]: aRC=VBOX_E_INVALID_VM_STATE (0x80bb0002) aIID={e36a5081-a82a-40bd-9e4e-42a44d6ce50f} aComponent={MachineWrap} aText={The machine is not mutable, saved or running (state is Running)}, preserve=false aResultDetail=0
00:00:07.125089 DCon09   WARNING [COM]: aRC=NS_ERROR_FAILURE (0x80004005) aIID={d5dcece0-b202-4416-a138-03502784cc07} aComponent={HostWrap} aText={VirtualBox is not currently allowed to access USB devices.  You can change this by adding your user to the 'vboxusers' group.  Please see the user manual for a more detailed explanation}, preserve=true aResultDetail=0
00:00:07.125484 DCon09   WARNING [COM]: aRC=NS_ERROR_FAILURE (0x80004005) aIID={d5dcece0-b202-4416-a138-03502784cc07} aComponent={HostWrap} aText={VirtualBox is not currently allowed to access USB devices.  You can change this by adding your user to the 'vboxusers' group.  Please see the user manual for a more detailed explanation}, preserve=true aResultDetail=0
00:00:07.267995 DCon09   Saving settings file "/home/hayaku/VirtualBox VMs/windows10/windows10.vbox" with version "1.19-linux"
00:00:07.280703 DCon09   Finished saving settings file "/home/hayaku/VirtualBox VMs/windows10/windows10.vbox"
00:00:07.287250 DCon16   ERROR [COM]: aRC=VBOX_E_INVALID_VM_STATE (0x80bb0002) aIID={e36a5081-a82a-40bd-9e4e-42a44d6ce50f} aComponent={MachineWrap} aText={The machine is not mutable, saved or running (state is Running)}, preserve=false aResultDetail=0
00:00:07.290865 DCon16   WARNING [COM]: aRC=NS_ERROR_FAILURE (0x80004005) aIID={d5dcece0-b202-4416-a138-03502784cc07} aComponent={HostWrap} aText={VirtualBox is not currently allowed to access USB devices.  You can change this by adding your user to the 'vboxusers' group.  Please see the user manual for a more detailed explanation}, preserve=true aResultDetail=0
00:00:07.291200 DCon16   WARNING [COM]: aRC=NS_ERROR_FAILURE (0x80004005) aIID={d5dcece0-b202-4416-a138-03502784cc07} aComponent={HostWrap} aText={VirtualBox is not currently allowed to access USB devices.  You can change this by adding your user to the 'vboxusers' group.  Please see the user manual for a more detailed explanation}, preserve=true aResultDetail=0
00:00:11.152134 DCon16   Saving settings file "/home/hayaku/.config/VirtualBox/VirtualBox.xml" with version "1.12-linux"
00:00:11.153127 DCon15   Saving settings file "/home/hayaku/VirtualBox VMs/windows10/windows10.vbox" with version "1.19-linux"
00:00:11.158411 DCon16   Finished saving settings file "/home/hayaku/.config/VirtualBox/VirtualBox.xml"
00:00:11.183217 DCon15   Finished saving settings file "/home/hayaku/VirtualBox VMs/windows10/windows10.vbox"
00:00:11.191705 DCon07   ERROR [COM]: aRC=VBOX_E_INVALID_VM_STATE (0x80bb0002) aIID={e36a5081-a82a-40bd-9e4e-42a44d6ce50f} aComponent={MachineWrap} aText={The machine is not mutable, saved or running (state is Running)}, preserve=false aResultDetail=0
00:00:11.195184 DCon07   WARNING [COM]: aRC=NS_ERROR_FAILURE (0x80004005) aIID={d5dcece0-b202-4416-a138-03502784cc07} aComponent={HostWrap} aText={VirtualBox is not currently allowed to access USB devices.  You can change this by adding your user to the 'vboxusers' group.  Please see the user manual for a more detailed explanation}, preserve=true aResultDetail=0
00:00:11.195522 DCon07   WARNING [COM]: aRC=NS_ERROR_FAILURE (0x80004005) aIID={d5dcece0-b202-4416-a138-03502784cc07} aComponent={HostWrap} aText={VirtualBox is not currently allowed to access USB devices.  You can change this by adding your user to the 'vboxusers' group.  Please see the user manual for a more detailed explanation}, preserve=true aResultDetail=0
00:00:12.986642 DCon14   Saving settings file "/home/hayaku/VirtualBox VMs/windows10/windows10.vbox" with version "1.19-linux"
00:00:12.997061 DCon14   Finished saving settings file "/home/hayaku/VirtualBox VMs/windows10/windows10.vbox"
00:00:14.636367 DCon01   Saving settings file "/home/hayaku/VirtualBox VMs/windows10/windows10.vbox" with version "1.19-linux"
00:00:14.685702 DCon01   Finished saving settings file "/home/hayaku/VirtualBox VMs/windows10/windows10.vbox"
00:00:15.168367 DCon01   Saving settings file "/home/hayaku/VirtualBox VMs/windows10/windows10.vbox" with version "1.19-linux"
00:00:15.174460 DCon01   Finished saving settings file "/home/hayaku/VirtualBox VMs/windows10/windows10.vbox"
00:00:21.780285 DCon14   Saving settings file "/home/hayaku/VirtualBox VMs/windows10/windows10.vbox" with version "1.19-linux"
00:00:21.791367 DCon14   Finished saving settings file "/home/hayaku/VirtualBox VMs/windows10/windows10.vbox"
00:11:59.035314 DCon54   WARNING [COM]: aRC=NS_ERROR_FAILURE (0x80004005) aIID={d5dcece0-b202-4416-a138-03502784cc07} aComponent={HostWrap} aText={VirtualBox is not currently allowed to access USB devices.  You can change this by adding your user to the 'vboxusers' group.  Please see the user manual for a more detailed explanation}, preserve=true aResultDetail=0
00:11:59.036376 DCon54   WARNING [COM]: aRC=NS_ERROR_FAILURE (0x80004005) aIID={d5dcece0-b202-4416-a138-03502784cc07} aComponent={HostWrap} aText={VirtualBox is not currently allowed to access USB devices.  You can change this by adding your user to the 'vboxusers' group.  Please see the user manual for a more detailed explanation}, preserve=true aResultDetail=0
00:11:59.037190 DCon54   ERROR [COM]: aRC=NS_ERROR_FAILURE (0x80004005) aIID={bea3ef5c-de2f-4b74-aa3a-15d6249371a0} aComponent={RecordingSettingsWrap} aText={Recording not started}, preserve=false aResultDetail=0
00:11:59.051888 DCon54   Saving settings file "/home/hayaku/VirtualBox VMs/windows10/windows10.vbox" with version "1.19-linux"
00:11:59.074168 DCon54   Finished saving settings file "/home/hayaku/VirtualBox VMs/windows10/windows10.vbox"
00:11:59.081207 DCon56   WARNING [COM]: aRC=NS_ERROR_FAILURE (0x80004005) aIID={d5dcece0-b202-4416-a138-03502784cc07} aComponent={HostWrap} aText={VirtualBox is not currently allowed to access USB devices.  You can change this by adding your user to the 'vboxusers' group.  Please see the user manual for a more detailed explanation}, preserve=true aResultDetail=0
00:11:59.081551 DCon56   WARNING [COM]: aRC=NS_ERROR_FAILURE (0x80004005) aIID={d5dcece0-b202-4416-a138-03502784cc07} aComponent={HostWrap} aText={VirtualBox is not currently allowed to access USB devices.  You can change this by adding your user to the 'vboxusers' group.  Please see the user manual for a more detailed explanation}, preserve=true aResultDetail=0
00:11:59.081964 DCon56   ERROR [COM]: aRC=NS_ERROR_FAILURE (0x80004005) aIID={bea3ef5c-de2f-4b74-aa3a-15d6249371a0} aComponent={RecordingSettingsWrap} aText={Recording not started}, preserve=false aResultDetail=0
00:12:05.064745 main     VirtualBox: object deletion starts
00:12:05.064818 main     ERROR [COM]: aRC=VBOX_E_OBJECT_IN_USE (0x80bb000c) aIID={7d510820-a678-4730-a862-818dcd3fbed0} aComponent={MediumWrap} aText={Medium '/home/hayaku/VirtualBox VMs/windows10/windows10.vdi' cannot be closed because it is still attached to 1 virtual machines}, preserve=false aResultDetail=0
00:12:05.065049 main     ERROR [COM]: aRC=VBOX_E_OBJECT_IN_USE (0x80bb000c) aIID={7d510820-a678-4730-a862-818dcd3fbed0} aComponent={MediumWrap} aText={Medium '/home/hayaku/VirtualBox VMs/windows9/windows9.vdi' cannot be closed because it is still attached to 1 virtual machines}, preserve=false aResultDetail=0
00:12:05.071587 main     HostDnsMonitor: shutting down ...
00:12:05.071734 main     HostDnsMonitor: shut down
00:12:05.082263 Watcher  ERROR [COM]: aRC=E_ACCESSDENIED (0x80070005) aIID={d644ad1e-c501-4fc7-9ab6-aa6d763bc540} aComponent={VirtualBoxWrap} aText={The object is not ready}, preserve=false aResultDetail=0
00:12:05.082339 main     VirtualBox: object deleted
